<?xml version="1.0" encoding="UTF-8"?>
<testsuite xmlns:xsi="http://www.w3.org/2001/XMLSchema-instance" xsi:noNamespaceSchemaLocation="https://maven.apache.org/surefire/maven-surefire-plugin/xsd/surefire-test-report-3.0.xsd" version="3.0" name="com.waterquality.rewards.service.RewardsServiceTest" time="1.189" tests="8" errors="0" skipped="0" failures="0">
  <properties>
[...]
</properties>
  <testcase name="testGetCitizenRewards_NewCitizen" classname="com.waterquality.rewards.service.RewardsServiceTest" time="1.03">
    <system-out><![CDATA[18:51:06.563 [main] WARN com.waterquality.rewards.service.RewardsService -- All rewards data has been cleared
18:51:06.568 [main] INFO com.waterquality.rewards.service.RewardsService -- Fetching rewards for citizen: newUser
]]></system-out>
  </testcase>
  <testcase name="testProcessObservation_BasePoints" classname="com.waterquality.rewards.service.RewardsServiceTest" time="0.041">
    <system-out><![CDATA[18:51:06.599 [main] WARN com.waterquality.rewards.service.RewardsService -- All rewards data has been cleared
18:51:06.623 [main] INFO com.waterquality.rewards.service.RewardsService -- Starting rewards processing...
18:51:06.627 [main] INFO com.waterquality.rewards.service.RewardsService -- Processed observation obs-1 for citizen user001. Awarded 10 points. New total: 10
18:51:06.627 [main] INFO com.waterquality.rewards.service.RewardsService -- Rewards processing complete. Processed 1 observations
18:51:06.631 [main] INFO com.waterquality.rewards.service.RewardsService -- Fetching rewards for citizen: user001
]]></system-out>
  </testcase>
  <testcase name="testBadgeAward_Bronze" classname="com.waterquality.rewards.service.RewardsServiceTest" time="0.012">
    <system-out><![CDATA[18:51:06.643 [main] WARN com.waterquality.rewards.service.RewardsService -- All rewards data has been cleared
18:51:06.647 [main] INFO com.waterquality.rewards.service.RewardsService -- Starting rewards processing...
18:51:06.648 [main] INFO com.waterquality.rewards.service.RewardsService -- Processed observation obs-0 for citizen user003. Awarded 10 points. New total: 10
18:51:06.648 [main] INFO com.waterquality.rewards.service.RewardsService -- Processed observation obs-1 for citizen user003. Awarded 10 points. New total: 20
18:51:06.648 [main] INFO com.waterquality.rewards.service.RewardsService -- Processed observation obs-2 for citizen user003. Awarded 10 points. New total: 30
18:51:06.649 [main] INFO com.waterquality.rewards.service.RewardsService -- Processed observation obs-3 for citizen user003. Awarded 10 points. New total: 40
18:51:06.649 [main] INFO com.waterquality.rewards.service.RewardsService -- Processed observation obs-4 for citizen user003. Awarded 10 points. New total: 50
18:51:06.649 [main] INFO com.waterquality.rewards.service.RewardsService -- Processed observation obs-5 for citizen user003. Awarded 10 points. New total: 60
18:51:06.649 [main] INFO com.waterquality.rewards.service.RewardsService -- Processed observation obs-6 for citizen user003. Awarded 10 points. New total: 70
18:51:06.650 [main] INFO com.waterquality.rewards.service.RewardsService -- Processed observation obs-7 for citizen user003. Awarded 10 points. New total: 80
18:51:06.650 [main] INFO com.waterquality.rewards.service.RewardsService -- Processed observation obs-8 for citizen user003. Awarded 10 points. New total: 90
18:51:06.650 [main] INFO com.waterquality.rewards.service.RewardsService -- Citizen user003 has earned badges: [Bronze]
18:51:06.651 [main] INFO com.waterquality.rewards.service.RewardsService -- Processed observation obs-9 for citizen user003. Awarded 10 points. New total: 100
18:51:06.651 [main] INFO com.waterquality.rewards.service.RewardsService -- Rewards processing complete. Processed 10 observations
18:51:06.651 [main] INFO com.waterquality.rewards.service.RewardsService -- Fetching rewards for citizen: user003
]]></system-out>
  </testcase>
  <testcase name="testProcessObservation_CompleteRecord" classname="com.waterquality.rewards.service.RewardsServiceTest" time="0.005">
    <system-out><![CDATA[18:51:06.656 [main] WARN com.waterquality.rewards.service.RewardsService -- All rewards data has been cleared
18:51:06.657 [main] INFO com.waterquality.rewards.service.RewardsService -- Starting rewards processing...
18:51:06.657 [main] INFO com.waterquality.rewards.service.RewardsService -- Processed observation obs-2 for citizen user002. Awarded 20 points. New total: 20
18:51:06.657 [main] INFO com.waterquality.rewards.service.RewardsService -- Rewards processing complete. Processed 1 observations
18:51:06.657 [main] INFO com.waterquality.rewards.service.RewardsService -- Fetching rewards for citizen: user002
]]></system-out>
  </testcase>
  <testcase name="testProcessObservations_NoData" classname="com.waterquality.rewards.service.RewardsServiceTest" time="0.006">
    <system-out><![CDATA[18:51:06.663 [main] WARN com.waterquality.rewards.service.RewardsService -- All rewards data has been cleared
18:51:06.664 [main] INFO com.waterquality.rewards.service.RewardsService -- Starting rewards processing...
18:51:06.664 [main] INFO com.waterquality.rewards.service.RewardsService -- No unprocessed observations found
]]></system-out>
  </testcase>
  <testcase name="testBadgeAward_Silver" classname="com.waterquality.rewards.service.RewardsServiceTest" time="0.015">
    <system-out><![CDATA[18:51:06.669 [main] WARN com.waterquality.rewards.service.RewardsService -- All rewards data has been cleared
18:51:06.672 [main] INFO com.waterquality.rewards.service.RewardsService -- Starting rewards processing...
18:51:06.673 [main] INFO com.waterquality.rewards.service.RewardsService -- Processed observation obs-0 for citizen user004. Awarded 10 points. New total: 10
18:51:06.673 [main] INFO com.waterquality.rewards.service.RewardsService -- Processed observation obs-1 for citizen user004. Awarded 10 points. New total: 20
18:51:06.673 [main] INFO com.waterquality.rewards.service.RewardsService -- Processed observation obs-2 for citizen user004. Awarded 10 points. New total: 30
18:51:06.674 [main] INFO com.waterquality.rewards.service.RewardsService -- Processed observation obs-3 for citizen user004. Awarded 10 points. New total: 40
18:51:06.674 [main] INFO com.waterquality.rewards.service.RewardsService -- Processed observation obs-4 for citizen user004. Awarded 10 points. New total: 50
18:51:06.674 [main] INFO com.waterquality.rewards.service.RewardsService -- Processed observation obs-5 for citizen user004. Awarded 10 points. New total: 60
18:51:06.675 [main] INFO com.waterquality.rewards.service.RewardsService -- Processed observation obs-6 for citizen user004. Awarded 10 points. New total: 70
18:51:06.675 [main] INFO com.waterquality.rewards.service.RewardsService -- Processed observation obs-7 for citizen user004. Awarded 10 points. New total: 80
18:51:06.675 [main] INFO com.waterquality.rewards.service.RewardsService -- Processed observation obs-8 for citizen user004. Awarded 10 points. New total: 90
18:51:06.676 [main] INFO com.waterquality.rewards.service.RewardsService -- Citizen user004 has earned badges: [Bronze]
18:51:06.676 [main] INFO com.waterquality.rewards.service.RewardsService -- Processed observation obs-9 for citizen user004. Awarded 10 points. New total: 100
18:51:06.676 [main] INFO com.waterquality.rewards.service.RewardsService -- Citizen user004 has earned badges: [Bronze]
18:51:06.676 [main] INFO com.waterquality.rewards.service.RewardsService -- Processed observation obs-10 for citizen user004. Awarded 10 points. New total: 110
18:51:06.676 [main] INFO com.waterquality.rewards.service.RewardsService -- Citizen user004 has earned badges: [Bronze]
18:51:06.677 [main] INFO com.waterquality.rewards.service.RewardsService -- Processed observation obs-11 for citizen user004. Awarded 10 points. New total: 120
18:51:06.677 [main] INFO com.waterquality.rewards.service.RewardsService -- Citizen user004 has earned badges: [Bronze]
18:51:06.677 [main] INFO com.waterquality.rewards.service.RewardsService -- Processed observation obs-12 for citizen user004. Awarded 10 points. New total: 130
18:51:06.677 [main] INFO com.waterquality.rewards.service.RewardsService -- Citizen user004 has earned badges: [Bronze]
18:51:06.678 [main] INFO com.waterquality.rewards.service.RewardsService -- Processed observation obs-13 for citizen user004. Awarded 10 points. New total: 140
18:51:06.678 [main] INFO com.waterquality.rewards.service.RewardsService -- Citizen user004 has earned badges: [Bronze]
18:51:06.678 [main] INFO com.waterquality.rewards.service.RewardsService -- Processed observation obs-14 for citizen user004. Awarded 10 points. New total: 150
18:51:06.678 [main] INFO com.waterquality.rewards.service.RewardsService -- Citizen user004 has earned badges: [Bronze]
18:51:06.678 [main] INFO com.waterquality.rewards.service.RewardsService -- Processed observation obs-15 for citizen user004. Awarded 10 points. New total: 160
18:51:06.678 [main] INFO com.waterquality.rewards.service.RewardsService -- Citizen user004 has earned badges: [Bronze]
18:51:06.679 [main] INFO com.waterquality.rewards.service.RewardsService -- Processed observation obs-16 for citizen user004. Awarded 10 points. New total: 170
18:51:06.679 [main] INFO com.waterquality.rewards.service.RewardsService -- Citizen user004 has earned badges: [Bronze]
18:51:06.679 [main] INFO com.waterquality.rewards.service.RewardsService -- Processed observation obs-17 for citizen user004. Awarded 10 points. New total: 180
18:51:06.679 [main] INFO com.waterquality.rewards.service.RewardsService -- Citizen user004 has earned badges: [Bronze]
18:51:06.679 [main] INFO com.waterquality.rewards.service.RewardsService -- Processed observation obs-18 for citizen user004. Awarded 10 points. New total: 190
18:51:06.680 [main] INFO com.waterquality.rewards.service.RewardsService -- Citizen user004 has earned badges: [Silver, Bronze]
18:51:06.680 [main] INFO com.waterquality.rewards.service.RewardsService -- Processed observation obs-19 for citizen user004. Awarded 10 points. New total: 200
18:51:06.680 [main] INFO com.waterquality.rewards.service.RewardsService -- Rewards processing complete. Processed 20 observations
18:51:06.680 [main] INFO com.waterquality.rewards.service.RewardsService -- Fetching rewards for citizen: user004
]]></system-out>
  </testcase>
  <testcase name="testLeaderboard" classname="com.waterquality.rewards.service.RewardsServiceTest" time="0.008">
    <system-out><![CDATA[18:51:06.684 [main] WARN com.waterquality.rewards.service.RewardsService -- All rewards data has been cleared
18:51:06.685 [main] INFO com.waterquality.rewards.service.RewardsService -- Starting rewards processing...
18:51:06.686 [main] INFO com.waterquality.rewards.service.RewardsService -- Processed observation obs-1 for citizen user001. Awarded 10 points. New total: 10
18:51:06.686 [main] INFO com.waterquality.rewards.service.RewardsService -- Processed observation obs-2 for citizen user002. Awarded 20 points. New total: 20
18:51:06.686 [main] INFO com.waterquality.rewards.service.RewardsService -- Processed observation obs-3 for citizen user002. Awarded 10 points. New total: 30
18:51:06.686 [main] INFO com.waterquality.rewards.service.RewardsService -- Rewards processing complete. Processed 3 observations
18:51:06.687 [main] INFO com.waterquality.rewards.service.RewardsService -- Fetching leaderboard, top 10
]]></system-out>
  </testcase>
  <testcase name="testBadgeAward_Gold" classname="com.waterquality.rewards.service.RewardsServiceTest" time="0.023">
    <system-out><![CDATA[18:51:06.694 [main] WARN com.waterquality.rewards.service.RewardsService -- All rewards data has been cleared
18:51:06.695 [main] INFO com.waterquality.rewards.service.RewardsService -- Starting rewards processing...
18:51:06.695 [main] INFO com.waterquality.rewards.service.RewardsService -- Processed observation obs-0 for citizen user005. Awarded 10 points. New total: 10
18:51:06.696 [main] INFO com.waterquality.rewards.service.RewardsService -- Processed observation obs-1 for citizen user005. Awarded 10 points. New total: 20
18:51:06.696 [main] INFO com.waterquality.rewards.service.RewardsService -- Processed observation obs-2 for citizen user005. Awarded 10 points. New total: 30
18:51:06.696 [main] INFO com.waterquality.rewards.service.RewardsService -- Processed observation obs-3 for citizen user005. Awarded 10 points. New total: 40
18:51:06.696 [main] INFO com.waterquality.rewards.service.RewardsService -- Processed observation obs-4 for citizen user005. Awarded 10 points. New total: 50
18:51:06.697 [main] INFO com.waterquality.rewards.service.RewardsService -- Processed observation obs-5 for citizen user005. Awarded 10 points. New total: 60
18:51:06.697 [main] INFO com.waterquality.rewards.service.RewardsService -- Processed observation obs-6 for citizen user005. Awarded 10 points. New total: 70
18:51:06.698 [main] INFO com.waterquality.rewards.service.RewardsService -- Processed observation obs-7 for citizen user005. Awarded 10 points. New total: 80
18:51:06.698 [main] INFO com.waterquality.rewards.service.RewardsService -- Processed observation obs-8 for citizen user005. Awarded 10 points. New total: 90
18:51:06.698 [main] INFO com.waterquality.rewards.service.RewardsService -- Citizen user005 has earned badges: [Bronze]
18:51:06.698 [main] INFO com.waterquality.rewards.service.RewardsService -- Processed observation obs-9 for citizen user005. Awarded 10 points. New total: 100
18:51:06.698 [main] INFO com.waterquality.rewards.service.RewardsService -- Citizen user005 has earned badges: [Bronze]
18:51:06.699 [main] INFO com.waterquality.rewards.service.RewardsService -- Processed observation obs-10 for citizen user005. Awarded 10 points. New total: 110
18:51:06.699 [main] INFO com.waterquality.rewards.service.RewardsService -- Citizen user005 has earned badges: [Bronze]
18:51:06.699 [main] INFO com.waterquality.rewards.service.RewardsService -- Processed observation obs-11 for citizen user005. Awarded 10 points. New total: 120
18:51:06.699 [main] INFO com.waterquality.rewards.service.RewardsService -- Citizen user005 has earned badges: [Bronze]
18:51:06.700 [main] INFO com.waterquality.rewards.service.RewardsService -- Processed observation obs-12 for citizen user005. Awarded 10 points. New total: 130
18:51:06.700 [main] INFO com.waterquality.rewards.service.RewardsService -- Citizen user005 has earned badges: [Bronze]
18:51:06.701 [main] INFO com.waterquality.rewards.service.RewardsService -- Processed observation obs-13 for citizen user005. Awarded 10 points. New total: 140
18:51:06.701 [main] INFO com.waterquality.rewards.service.RewardsService -- Citizen user005 has earned badges: [Bronze]
18:51:06.701 [main] INFO com.waterquality.rewards.service.RewardsService -- Processed observation obs-14 for citizen user005. Awarded 10 points. New total: 150
18:51:06.701 [main] INFO com.waterquality.rewards.service.RewardsService -- Citizen user005 has earned badges: [Bronze]
18:51:06.702 [main] INFO com.waterquality.rewards.service.RewardsService -- Processed observation obs-15 for citizen user005. Awarded 10 points. New total: 160
18:51:06.702 [main] INFO com.waterquality.rewards.service.RewardsService -- Citizen user005 has earned badges: [Bronze]
18:51:06.702 [main] INFO com.waterquality.rewards.service.RewardsService -- Processed observation obs-16 for citizen user005. Awarded 10 points. New total: 170
18:51:06.702 [main] INFO com.waterquality.rewards.service.RewardsService -- Citizen user005 has earned badges: [Bronze]
18:51:06.703 [main] INFO com.waterquality.rewards.service.RewardsService -- Processed observation obs-17 for citizen user005. Awarded 10 points. New total: 180
18:51:06.703 [main] INFO com.waterquality.rewards.service.RewardsService -- Citizen user005 has earned badges: [Bronze]
18:51:06.703 [main] INFO com.waterquality.rewards.service.RewardsService -- Processed observation obs-18 for citizen user005. Awarded 10 points. New total: 190
18:51:06.704 [main] INFO com.waterquality.rewards.service.RewardsService -- Citizen user005 has earned badges: [Silver, Bronze]
18:51:06.704 [main] INFO com.waterquality.rewards.service.RewardsService -- Processed observation obs-19 for citizen user005. Awarded 10 points. New total: 200
18:51:06.704 [main] INFO com.waterquality.rewards.service.RewardsService -- Citizen user005 has earned badges: [Silver, Bronze]
18:51:06.704 [main] INFO com.waterquality.rewards.service.RewardsService -- Processed observation obs-20 for citizen user005. Awarded 10 points. New total: 210
18:51:06.704 [main] INFO com.waterquality.rewards.service.RewardsService -- Citizen user005 has earned badges: [Silver, Bronze]
18:51:06.705 [main] INFO com.waterquality.rewards.service.RewardsService -- Processed observation obs-21 for citizen user005. Awarded 10 points. New total: 220
18:51:06.705 [main] INFO com.waterquality.rewards.service.RewardsService -- Citizen user005 has earned badges: [Silver, Bronze]
18:51:06.705 [main] INFO com.waterquality.rewards.service.RewardsService -- Processed observation obs-22 for citizen user005. Awarded 10 points. New total: 230
18:51:06.705 [main] INFO com.waterquality.rewards.service.RewardsService -- Citizen user005 has earned badges: [Silver, Bronze]
18:51:06.705 [main] INFO com.waterquality.rewards.service.RewardsService -- Processed observation obs-23 for citizen user005. Awarded 10 points. New total: 240
18:51:06.706 [main] INFO com.waterquality.rewards.service.RewardsService -- Citizen user005 has earned badges: [Silver, Bronze]
18:51:06.706 [main] INFO com.waterquality.rewards.service.RewardsService -- Processed observation obs-24 for citizen user005. Awarded 10 points. New total: 250
18:51:06.706 [main] INFO com.waterquality.rewards.service.RewardsService -- Citizen user005 has earned badges: [Silver, Bronze]
18:51:06.706 [main] INFO com.waterquality.rewards.service.RewardsService -- Processed observation obs-25 for citizen user005. Awarded 10 points. New total: 260
18:51:06.706 [main] INFO com.waterquality.rewards.service.RewardsService -- Citizen user005 has earned badges: [Silver, Bronze]
18:51:06.706 [main] INFO com.waterquality.rewards.service.RewardsService -- Processed observation obs-26 for citizen user005. Awarded 10 points. New total: 270
18:51:06.707 [main] INFO com.waterquality.rewards.service.RewardsService -- Citizen user005 has earned badges: [Silver, Bronze]
18:51:06.707 [main] INFO com.waterquality.rewards.service.RewardsService -- Processed observation obs-27 for citizen user005. Awarded 10 points. New total: 280
18:51:06.707 [main] INFO com.waterquality.rewards.service.RewardsService -- Citizen user005 has earned badges: [Silver, Bronze]
18:51:06.707 [main] INFO com.waterquality.rewards.service.RewardsService -- Processed observation obs-28 for citizen user005. Awarded 10 points. New total: 290
18:51:06.707 [main] INFO com.waterquality.rewards.service.RewardsService -- Citizen user005 has earned badges: [Silver, Bronze]
18:51:06.707 [main] INFO com.waterquality.rewards.service.RewardsService -- Processed observation obs-29 for citizen user005. Awarded 10 points. New total: 300
18:51:06.707 [main] INFO com.waterquality.rewards.service.RewardsService -- Citizen user005 has earned badges: [Silver, Bronze]
18:51:06.708 [main] INFO com.waterquality.rewards.service.RewardsService -- Processed observation obs-30 for citizen user005. Awarded 10 points. New total: 310
18:51:06.708 [main] INFO com.waterquality.rewards.service.RewardsService -- Citizen user005 has earned badges: [Silver, Bronze]
18:51:06.708 [main] INFO com.waterquality.rewards.service.RewardsService -- Processed observation obs-31 for citizen user005. Awarded 10 points. New total: 320
18:51:06.708 [main] INFO com.waterquality.rewards.service.RewardsService -- Citizen user005 has earned badges: [Silver, Bronze]
18:51:06.708 [main] INFO com.waterquality.rewards.service.RewardsService -- Processed observation obs-32 for citizen user005. Awarded 10 points. New total: 330
18:51:06.708 [main] INFO com.waterquality.rewards.service.RewardsService -- Citizen user005 has earned badges: [Silver, Bronze]
18:51:06.708 [main] INFO com.waterquality.rewards.service.RewardsService -- Processed observation obs-33 for citizen user005. Awarded 10 points. New total: 340
18:51:06.709 [main] INFO com.waterquality.rewards.service.RewardsService -- Citizen user005 has earned badges: [Silver, Bronze]
18:51:06.709 [main] INFO com.waterquality.rewards.service.RewardsService -- Processed observation obs-34 for citizen user005. Awarded 10 points. New total: 350
18:51:06.709 [main] INFO com.waterquality.rewards.service.RewardsService -- Citizen user005 has earned badges: [Silver, Bronze]
18:51:06.709 [main] INFO com.waterquality.rewards.service.RewardsService -- Processed observation obs-35 for citizen user005. Awarded 10 points. New total: 360
18:51:06.709 [main] INFO com.waterquality.rewards.service.RewardsService -- Citizen user005 has earned badges: [Silver, Bronze]
18:51:06.709 [main] INFO com.waterquality.rewards.service.RewardsService -- Processed observation obs-36 for citizen user005. Awarded 10 points. New total: 370
18:51:06.709 [main] INFO com.waterquality.rewards.service.RewardsService -- Citizen user005 has earned badges: [Silver, Bronze]
18:51:06.710 [main] INFO com.waterquality.rewards.service.RewardsService -- Processed observation obs-37 for citizen user005. Awarded 10 points. New total: 380
18:51:06.710 [main] INFO com.waterquality.rewards.service.RewardsService -- Citizen user005 has earned badges: [Silver, Bronze]
18:51:06.710 [main] INFO com.waterquality.rewards.service.RewardsService -- Processed observation obs-38 for citizen user005. Awarded 10 points. New total: 390
18:51:06.710 [main] INFO com.waterquality.rewards.service.RewardsService -- Citizen user005 has earned badges: [Silver, Bronze]
18:51:06.710 [main] INFO com.waterquality.rewards.service.RewardsService -- Processed observation obs-39 for citizen user005. Awarded 10 points. New total: 400
18:51:06.710 [main] INFO com.waterquality.rewards.service.RewardsService -- Citizen user005 has earned badges: [Silver, Bronze]
18:51:06.710 [main] INFO com.waterquality.rewards.service.RewardsService -- Processed observation obs-40 for citizen user005. Awarded 10 points. New total: 410
18:51:06.711 [main] INFO com.waterquality.rewards.service.RewardsService -- Citizen user005 has earned badges: [Silver, Bronze]
18:51:06.711 [main] INFO com.waterquality.rewards.service.RewardsService -- Processed observation obs-41 for citizen user005. Awarded 10 points. New total: 420
18:51:06.711 [main] INFO com.waterquality.rewards.service.RewardsService -- Citizen user005 has earned badges: [Silver, Bronze]
18:51:06.711 [main] INFO com.waterquality.rewards.service.RewardsService -- Processed observation obs-42 for citizen user005. Awarded 10 points. New total: 430
18:51:06.711 [main] INFO com.waterquality.rewards.service.RewardsService -- Citizen user005 has earned badges: [Silver, Bronze]
18:51:06.711 [main] INFO com.waterquality.rewards.service.RewardsService -- Processed observation obs-43 for citizen user005. Awarded 10 points. New total: 440
18:51:06.711 [main] INFO com.waterquality.rewards.service.RewardsService -- Citizen user005 has earned badges: [Silver, Bronze]
18:51:06.712 [main] INFO com.waterquality.rewards.service.RewardsService -- Processed observation obs-44 for citizen user005. Awarded 10 points. New total: 450
18:51:06.712 [main] INFO com.waterquality.rewards.service.RewardsService -- Citizen user005 has earned badges: [Silver, Bronze]
18:51:06.712 [main] INFO com.waterquality.rewards.service.RewardsService -- Processed observation obs-45 for citizen user005. Awarded 10 points. New total: 460
18:51:06.712 [main] INFO com.waterquality.rewards.service.RewardsService -- Citizen user005 has earned badges: [Silver, Bronze]
18:51:06.712 [main] INFO com.waterquality.rewards.service.RewardsService -- Processed observation obs-46 for citizen user005. Awarded 10 points. New total: 470
18:51:06.712 [main] INFO com.waterquality.rewards.service.RewardsService -- Citizen user005 has earned badges: [Silver, Bronze]
18:51:06.712 [main] INFO com.waterquality.rewards.service.RewardsService -- Processed observation obs-47 for citizen user005. Awarded 10 points. New total: 480
18:51:06.712 [main] INFO com.waterquality.rewards.service.RewardsService -- Citizen user005 has earned badges: [Silver, Bronze]
18:51:06.713 [main] INFO com.waterquality.rewards.service.RewardsService -- Processed observation obs-48 for citizen user005. Awarded 10 points. New total: 490
18:51:06.713 [main] INFO com.waterquality.rewards.service.RewardsService -- Citizen user005 has earned badges: [Gold, Silver, Bronze]
18:51:06.713 [main] INFO com.waterquality.rewards.service.RewardsService -- Processed observation obs-49 for citizen user005. Awarded 10 points. New total: 500
18:51:06.713 [main] INFO com.waterquality.rewards.service.RewardsService -- Rewards processing complete. Processed 50 observations
18:51:06.713 [main] INFO com.waterquality.rewards.service.RewardsService -- Fetching rewards for citizen: user005
]]></system-out>
  </testcase>
</testsuite>